shape_train =  (396, 128, 128, 1)
shape_names =  (396,)
(396, 128, 128, 1)
(528, 128, 128, 1)
_________________________________________________________________
Layer (type)                 Output Shape              Param #   
=================================================================
zero_padding2d_1 (ZeroPaddin (None, 130, 130, 1)       0         
_________________________________________________________________
conv1_1 (Conv2D)             (None, 128, 128, 32)      320       
_________________________________________________________________
zero_padding2d_2 (ZeroPaddin (None, 130, 130, 32)      0         
_________________________________________________________________
conv1_2 (Conv2D)             (None, 128, 128, 32)      9248      
_________________________________________________________________
max_pooling2d_1 (MaxPooling2 (None, 127, 127, 32)      0         
_________________________________________________________________
zero_padding2d_3 (ZeroPaddin (None, 129, 129, 32)      0         
_________________________________________________________________
conv2_1 (Conv2D)             (None, 127, 127, 64)      18496     
_________________________________________________________________
zero_padding2d_4 (ZeroPaddin (None, 129, 129, 64)      0         
_________________________________________________________________
conv2_2 (Conv2D)             (None, 127, 127, 64)      36928     
_________________________________________________________________
max_pooling2d_2 (MaxPooling2 (None, 126, 126, 64)      0         
_________________________________________________________________
zero_padding2d_5 (ZeroPaddin (None, 128, 128, 64)      0         
_________________________________________________________________
zero_padding2d_6 (ZeroPaddin (None, 130, 130, 64)      0         
_________________________________________________________________
conv3_1 (Conv2D)             (None, 128, 128, 128)     73856     
_________________________________________________________________
zero_padding2d_7 (ZeroPaddin (None, 130, 130, 128)     0         
_________________________________________________________________
conv3_2 (Conv2D)             (None, 128, 128, 128)     147584    
_________________________________________________________________
zero_padding2d_8 (ZeroPaddin (None, 130, 130, 128)     0         
_________________________________________________________________
conv3_3 (Conv2D)             (None, 128, 128, 128)     147584    
_________________________________________________________________
zero_padding2d_9 (ZeroPaddin (None, 130, 130, 128)     0         
_________________________________________________________________
conv4_1 (Conv2D)             (None, 128, 128, 256)     295168    
_________________________________________________________________
zero_padding2d_10 (ZeroPaddi (None, 130, 130, 256)     0         
_________________________________________________________________
conv4_2 (Conv2D)             (None, 128, 128, 256)     590080    
_________________________________________________________________
zero_padding2d_11 (ZeroPaddi (None, 130, 130, 256)     0         
_________________________________________________________________
conv4_3 (Conv2D)             (None, 128, 128, 256)     590080    
_________________________________________________________________
zero_padding2d_12 (ZeroPaddi (None, 132, 132, 256)     0         
_________________________________________________________________
conv5_1 (Conv2D)             (None, 128, 128, 256)     590080    
_________________________________________________________________
zero_padding2d_13 (ZeroPaddi (None, 132, 132, 256)     0         
_________________________________________________________________
conv5_2 (Conv2D)             (None, 128, 128, 256)     590080    
_________________________________________________________________
zero_padding2d_14 (ZeroPaddi (None, 132, 132, 256)     0         
_________________________________________________________________
conv5_3 (Conv2D)             (None, 128, 128, 256)     590080    
_________________________________________________________________
zero_padding2d_15 (ZeroPaddi (None, 130, 130, 256)     0         
_________________________________________________________________
ct_conv1_1 (Conv2D)          (None, 128, 128, 64)      147520    
_________________________________________________________________
zero_padding2d_16 (ZeroPaddi (None, 130, 130, 64)      0         
_________________________________________________________________
ct_conv1_2 (Conv2D)          (None, 128, 128, 64)      36928     
_________________________________________________________________
zero_padding2d_17 (ZeroPaddi (None, 132, 132, 64)      0         
_________________________________________________________________
ct_conv2_1 (Conv2D)          (None, 128, 128, 64)      36928     
_________________________________________________________________
zero_padding2d_18 (ZeroPaddi (None, 136, 136, 64)      0         
_________________________________________________________________
ct_conv3_1 (Conv2D)          (None, 128, 128, 64)      36928     
_________________________________________________________________
zero_padding2d_19 (ZeroPaddi (None, 144, 144, 64)      0         
_________________________________________________________________
ct_conv4_1 (Conv2D)          (None, 128, 128, 128)     73856     
_________________________________________________________________
zero_padding2d_20 (ZeroPaddi (None, 160, 160, 128)     0         
_________________________________________________________________
ct_conv5_1 (Conv2D)          (None, 128, 128, 128)     147584    
_________________________________________________________________
zero_padding2d_21 (ZeroPaddi (None, 130, 130, 128)     0         
_________________________________________________________________
ct_fc1 (Conv2D)              (None, 128, 128, 128)     147584    
_________________________________________________________________
ct_final (Conv2D)            (None, 128, 128, 14)      1806      
=================================================================
Total params: 4,308,718
Trainable params: 4,308,718
Non-trainable params: 0
_________________________________________________________________
Gb =  1.1
Train on 924 samples, validate on 132 samples
Epoch 1/128

  3/924 [..............................] - ETA: 2:57:15 - loss: -0.0059 - dice_coef: 0.0059
  6/924 [..............................] - ETA: 2:54:39 - loss: -0.0055 - dice_coef: 0.0055
  9/924 [..............................] - ETA: 2:54:05 - loss: -0.0050 - dice_coef: 0.0050
 12/924 [..............................] - ETA: 2:53:10 - loss: -0.0049 - dice_coef: 0.0049
 15/924 [..............................] - ETA: 2:52:17 - loss: -0.0046 - dice_coef: 0.0046
 18/924 [..............................] - ETA: 2:51:38 - loss: -0.0045 - dice_coef: 0.0045
 21/924 [..............................] - ETA: 2:51:02 - loss: -0.0051 - dice_coef: 0.0051
 24/924 [..............................] - ETA: 2:50:20 - loss: -0.0048 - dice_coef: 0.0048
 27/924 [..............................] - ETA: 2:49:45 - loss: -0.0049 - dice_coef: 0.0049
 30/924 [..............................] - ETA: 2:49:06 - loss: -0.0051 - dice_coef: 0.0051
 33/924 [>.............................] - ETA: 2:48:25 - loss: -0.0050 - dice_coef: 0.0050
 36/924 [>.............................] - ETA: 2:47:45 - loss: -0.0050 - dice_coef: 0.0050
 39/924 [>.............................] - ETA: 2:47:04 - loss: -0.0052 - dice_coef: 0.0052
 42/924 [>.............................] - ETA: 2:46:25 - loss: -0.0051 - dice_coef: 0.0051
 45/924 [>.............................] - ETA: 2:45:49 - loss: -0.0052 - dice_coef: 0.0052
 48/924 [>.............................] - ETA: 2:45:16 - loss: -0.0052 - dice_coef: 0.0052
 51/924 [>.............................] - ETA: 2:44:41 - loss: -0.0051 - dice_coef: 0.0051