Module bio/1.0 loaded 
Module cudnn/7.0 loaded 
Module cuda/9.0 loaded 
Module opencv/3.4.1 loaded 
2019-02-13 16:00:10.049270: I tensorflow/core/platform/cpu_feature_guard.cc:141] Your CPU supports instructions that this TensorFlow binary was not compiled to use: AVX2 FMA
2019-02-13 16:00:10.276508: I tensorflow/core/common_runtime/gpu/gpu_device.cc:1405] Found device 0 with properties: 
name: GeForce GTX 1080 Ti major: 6 minor: 1 memoryClockRate(GHz): 1.582
pciBusID: 0000:04:00.0
totalMemory: 10.92GiB freeMemory: 10.76GiB
2019-02-13 16:00:10.480741: I tensorflow/core/common_runtime/gpu/gpu_device.cc:1405] Found device 1 with properties: 
name: GeForce GTX 1080 Ti major: 6 minor: 1 memoryClockRate(GHz): 1.582
pciBusID: 0000:82:00.0
totalMemory: 10.92GiB freeMemory: 8.41GiB
2019-02-13 16:00:10.480811: I tensorflow/core/common_runtime/gpu/gpu_device.cc:1484] Adding visible gpu devices: 0, 1
2019-02-13 16:00:26.045088: I tensorflow/core/common_runtime/gpu/gpu_device.cc:965] Device interconnect StreamExecutor with strength 1 edge matrix:
2019-02-13 16:00:26.045135: I tensorflow/core/common_runtime/gpu/gpu_device.cc:971]      0 1 
2019-02-13 16:00:26.045143: I tensorflow/core/common_runtime/gpu/gpu_device.cc:984] 0:   N N 
2019-02-13 16:00:26.045147: I tensorflow/core/common_runtime/gpu/gpu_device.cc:984] 1:   N N 
2019-02-13 16:00:26.045648: I tensorflow/core/common_runtime/gpu/gpu_device.cc:1097] Created TensorFlow device (/job:localhost/replica:0/task:0/device:GPU:0 with 10409 MB memory) -> physical GPU (device: 0, name: GeForce GTX 1080 Ti, pci bus id: 0000:04:00.0, compute capability: 6.1)
2019-02-13 16:00:26.046264: I tensorflow/core/common_runtime/gpu/gpu_device.cc:1097] Created TensorFlow device (/job:localhost/replica:0/task:0/device:GPU:1 with 8117 MB memory) -> physical GPU (device: 1, name: GeForce GTX 1080 Ti, pci bus id: 0000:82:00.0, compute capability: 6.1)
/home/ashakour/Fashion_Classification/Fashion_100000_256_server/keras/lib/python3.6/site-packages/h5py/__init__.py:36: FutureWarning: Conversion of the second argument of issubdtype from `float` to `np.floating` is deprecated. In future, it will be treated as `np.float64 == np.dtype(float).type`.
  from ._conv import register_converters as _register_converters
Using TensorFlow backend.
